%!Adobe-FontList 1.20
%Locale:0x40c

%BeginFont
Handler:DirectoryHandler
FontType:Invalid
OutlineFileName:C:\Users\Antop\Documents\GitHub\Bluntananas.github.io\assets\Font\fontello-config.json
FileModTime:1614771041
%EndFont

%BeginFont
Handler:DirectoryHandler
FontType:Invalid
OutlineFileName:C:\Users\Antop\Documents\GitHub\Bluntananas.github.io\assets\Font\fontello.eot
FileModTime:1614771041
%EndFont

%BeginFont
Handler:DirectoryHandler
FontType:Invalid
OutlineFileName:C:\Users\Antop\Documents\GitHub\Bluntananas.github.io\assets\Font\fontello.svg
FileModTime:1614771041
%EndFont

%BeginFont
Handler:DirectoryHandler
FontType:TrueType
FontName:fontello
FamilyName:fontello
StyleName:Regular
FullName:fontello
MenuName:fontello
StyleBits:0
WritingScript:Roman
OutlineFileName:C:\Users\Antop\Documents\GitHub\Bluntananas.github.io\assets\Font\fontello.ttf
DataFormat:sfntData
hasSVG:no
VariableFontType:NonVariableFont
FileLength:11688
FileModTime:1614771041
WeightClass:400
WidthClass:5
AngleClass:0
NameArray:0,Mac,4,fontello
NameArray:0,Win,1,fontello
%EndFont

%BeginFont
Handler:DirectoryHandler
FontType:Invalid
OutlineFileName:C:\Users\Antop\Documents\GitHub\Bluntananas.github.io\assets\Font\fontello.woff
FileModTime:1614771041
%EndFont

%BeginFont
Handler:DirectoryHandler
FontType:Invalid
OutlineFileName:C:\Users\Antop\Documents\GitHub\Bluntananas.github.io\assets\Font\fontello.woff2
FileModTime:1614771041
%EndFont

